<?xml version="1.0" encoding="UTF-8"?>
<!-- Generated by org.testng.reporters.JUnitXMLReporter -->
<testsuite ignored="0" hostname="DESKTOP-98FU1K6" failures="0" tests="10" name="Surefire test" time="5.993" errors="0" timestamp="2024-02-14T00:19:56 CST">
  <testcase classname="api.test.DDTests" name="testPostUser" time="1.46"/>
  <testcase classname="api.test.DDTests" name="testPostUser" time="0.329"/>
  <testcase classname="api.test.DDTests" name="testPostUser" time="0.325"/>
  <testcase classname="api.test.DDTests" name="testDeleteUserByName" time="0.347"/>
  <testcase classname="api.test.DDTests" name="testDeleteUserByName" time="0.323"/>
  <testcase classname="api.test.DDTests" name="testDeleteUserByName" time="0.326"/>
  <testcase classname="api.test.UserTests" name="testPostUser" time="0.332"/>
  <testcase classname="api.test.UserTests" name="testGetUserByName" time="0.313"/>
  <testcase classname="api.test.UserTests" name="testUpdateUserByName" time="0.65"/>
  <testcase classname="api.test.UserTests" name="testDeleteUserByName" time="0.321"/>
</testsuite> <!-- Surefire test -->
