<?xml version="1.0" encoding="UTF-8"?>
<testng-results ignored="0" total="4" passed="4" failed="0" skipped="0">
  <reporter-output>
  </reporter-output>
  <suite started-at="2024-02-14T00:09:11 CST" name="PetSuite" finished-at="2024-02-14T00:09:15 CST" duration-ms="3422">
    <groups>
    </groups>
    <test started-at="2024-02-14T00:09:11 CST" name="PetTests" finished-at="2024-02-14T00:09:15 CST" duration-ms="3422">
      <class name="api.test.UserTests2">
        <test-method is-config="true" signature="setup()[pri:0, instance:api.test.UserTests2@54c5a2ff]" started-at="2024-02-14T00:09:11 CST" name="setup" finished-at="2024-02-14T00:09:12 CST" duration-ms="489" status="PASS">
          <reporter-output>
          </reporter-output>
        </test-method> <!-- setup -->
        <test-method signature="testPostUser()[pri:1, instance:api.test.UserTests2@54c5a2ff]" started-at="2024-02-14T00:09:12 CST" name="testPostUser" finished-at="2024-02-14T00:09:13 CST" duration-ms="1373" status="PASS">
          <reporter-output>
          </reporter-output>
        </test-method> <!-- testPostUser -->
        <test-method signature="testGetUserByName()[pri:2, instance:api.test.UserTests2@54c5a2ff]" started-at="2024-02-14T00:09:13 CST" name="testGetUserByName" finished-at="2024-02-14T00:09:14 CST" duration-ms="347" status="PASS">
          <reporter-output>
          </reporter-output>
        </test-method> <!-- testGetUserByName -->
        <test-method signature="testUpdateUserByName()[pri:3, instance:api.test.UserTests2@54c5a2ff]" started-at="2024-02-14T00:09:14 CST" name="testUpdateUserByName" finished-at="2024-02-14T00:09:14 CST" duration-ms="673" status="PASS">
          <reporter-output>
          </reporter-output>
        </test-method> <!-- testUpdateUserByName -->
        <test-method signature="testDeleteUserByName()[pri:4, instance:api.test.UserTests2@54c5a2ff]" started-at="2024-02-14T00:09:14 CST" name="testDeleteUserByName" finished-at="2024-02-14T00:09:15 CST" duration-ms="324" status="PASS">
          <reporter-output>
          </reporter-output>
        </test-method> <!-- testDeleteUserByName -->
      </class> <!-- api.test.UserTests2 -->
    </test> <!-- PetTests -->
  </suite> <!-- PetSuite -->
</testng-results>
