<?xml version="1.0" encoding="UTF-8"?>
<!-- Generated by org.testng.reporters.JUnitXMLReporter -->
<testsuite ignored="0" hostname="DESKTOP-98FU1K6" failures="0" tests="4" name="PetTests" time="3.514" errors="0" timestamp="2024-02-14T00:49:28 CST">
  <testcase classname="api.test.UserTests2" name="testPostUser" time="1.493"/>
  <testcase classname="api.test.UserTests2" name="testGetUserByName" time="0.34"/>
  <testcase classname="api.test.UserTests2" name="testUpdateUserByName" time="0.665"/>
  <testcase classname="api.test.UserTests2" name="testDeleteUserByName" time="0.314"/>
</testsuite> <!-- PetTests -->
