<?xml version="1.0" encoding="UTF-8"?>
<!-- Generated by org.testng.reporters.JUnitXMLReporter -->
<testsuite ignored="0" hostname="DESKTOP-98FU1K6" failures="0" tests="4" name="PetTests" time="3.422" errors="0" timestamp="2024-02-14T00:09:15 CST">
  <testcase classname="api.test.UserTests2" name="testPostUser" time="1.373"/>
  <testcase classname="api.test.UserTests2" name="testGetUserByName" time="0.347"/>
  <testcase classname="api.test.UserTests2" name="testUpdateUserByName" time="0.673"/>
  <testcase classname="api.test.UserTests2" name="testDeleteUserByName" time="0.324"/>
</testsuite> <!-- PetTests -->
